Warning: The selected output language "spanish" has not been updated
since release 1.8.2.  As a result some sentences may appear in English.

/home/richy/MetalZombie/include/Character.h:117: Warning: argument 'float' of command @param is not found in the argument list of Character::setPosWindowX(float _posWindowX)
/home/richy/MetalZombie/include/Character.h:117: Warning: The following parameters of Character::setPosWindowX(float _posWindowX) are not documented:
  parameter '_posWindowX'
Warning: Call graph for 'Game::startGame' not generated, too many nodes. Consider increasing DOT_GRAPH_MAX_NODES.
/home/richy/MetalZombie/include/Level.h:99: Warning: argument 'int' of command @param is not found in the argument list of Level::setContZombies(int _contZombies)
/home/richy/MetalZombie/include/Level.h:99: Warning: The following parameters of Level::setContZombies(int _contZombies) are not documented:
  parameter '_contZombies'
/home/richy/MetalZombie/include/Menu.h:48: Warning: argument 'int' of command @param is not found in the argument list of Menu::setOption(int _option)
/home/richy/MetalZombie/include/Menu.h:48: Warning: The following parameters of Menu::setOption(int _option) are not documented:
  parameter '_option'
/home/richy/MetalZombie/include/Object.h:34: Warning: argument 'sf' of command @param is not found in the argument list of Object::setObjectVector(sf::IntRect _rect)
/home/richy/MetalZombie/include/Object.h:34: Warning: argument 'IntRect' of command @param is not found in the argument list of Object::setObjectVector(sf::IntRect _rect)
/home/richy/MetalZombie/include/Object.h:34: Warning: The following parameters of Object::setObjectVector(sf::IntRect _rect) are not documented:
  parameter '_rect'
/home/richy/MetalZombie/include/Player.h:30: Warning: argument 'sf' of command @param is not found in the argument list of Player::setCamera(sf::View _camera)
/home/richy/MetalZombie/include/Player.h:30: Warning: argument 'View' of command @param is not found in the argument list of Player::setCamera(sf::View _camera)
/home/richy/MetalZombie/include/Player.h:30: Warning: The following parameters of Player::setCamera(sf::View _camera) are not documented:
  parameter '_camera'
/home/richy/MetalZombie/include/Shot.h:19: Warning: The following parameters of Shot::Shot(char file_texture[], char file_sound[]) are not documented:
  parameter 'file_sound'
/home/richy/MetalZombie/include/Shot.h:40: Warning: argument 'bool' of command @param is not found in the argument list of Shot::moveShot(bool _right)
/home/richy/MetalZombie/include/Shot.h:40: Warning: The following parameters of Shot::moveShot(bool _right) are not documented:
  parameter '_right'
/home/richy/MetalZombie/include/Shot.h:65: Warning: argument 'bool' of command @param is not found in the argument list of Shot::setDirectionRight(bool _direction)
/home/richy/MetalZombie/include/Shot.h:65: Warning: The following parameters of Shot::setDirectionRight(bool _direction) are not documented:
  parameter '_direction'
/home/richy/MetalZombie/include/Shot.h:35: Warning: argument 'float' of command @param is not found in the argument list of Shot::setPosWindowX(float _posWindowX)
/home/richy/MetalZombie/include/Shot.h:35: Warning: The following parameters of Shot::setPosWindowX(float _posWindowX) are not documented:
  parameter '_posWindowX'
/home/richy/MetalZombie/include/Zombie.h:32: Warning: argument 'Player' of command @param is not found in the argument list of Zombie::attack(Player *_player)
/home/richy/MetalZombie/include/Zombie.h:32: Warning: The following parameters of Zombie::attack(Player *_player) are not documented:
  parameter '_player'
